<?xml version="1.0" encoding="UTF-8"?>
<!-- Generated by org.testng.reporters.JUnitReportReporter -->
<testsuite hostname="PS8178" name="TestCases.actitime" tests="2" failures="0" timestamp="27 Mar 2014 08:54:11 GMT" time="206.710" errors="0">
  <testcase name="login" time="106.755" classname="TestCases.actitime"/>
  <testcase name="login" time="99.955" classname="TestCases.actitime"/>
</testsuite> <!-- TestCases.actitime -->
