<?xml version="1.0" encoding="UTF-8"?>
<!-- Generated by org.testng.reporters.JUnitReportReporter -->
<testsuite hostname="PS8178" name="TestCases.ReadData" tests="3" failures="0" timestamp="22 Jan 2014 11:47:59 GMT" time="0.006" errors="0">
  <testcase name="login" time="0.001" classname="TestCases.ReadData"/>
  <testcase name="login" time="0.004" classname="TestCases.ReadData"/>
  <testcase name="login" time="0.001" classname="TestCases.ReadData"/>
</testsuite> <!-- TestCases.ReadData -->
