<?xml version="1.0" encoding="UTF-8"?>
<!-- Generated by org.testng.reporters.JUnitReportReporter -->
<testsuite hostname="PS8178" name="TestCases.IgnoreTestMethod" tests="2" failures="0" timestamp="3 Mar 2014 13:21:40 GMT" time="0.000" errors="0">
  <testcase name="test1" time="0.000" classname="TestCases.IgnoreTestMethod"/>
  <testcase name="test2" time="0.000" classname="TestCases.IgnoreTestMethod"/>
</testsuite> <!-- TestCases.IgnoreTestMethod -->
