<?xml version="1.0" encoding="UTF-8"?>
<!-- Generated by org.testng.reporters.JUnitReportReporter -->
<testsuite hostname="PS8178" name="TestCases.SampleTest" tests="3" failures="0" timestamp="23 Jan 2014 13:07:03 GMT" time="0.005" errors="0">
  <testcase name="testRegisterUser" time="0.004" classname="TestCases.SampleTest"/>
  <testcase name="testLoginUser" time="0.001" classname="TestCases.SampleTest"/>
  <testcase name="testRegisterPassword" time="0.000" classname="TestCases.SampleTest"/>
</testsuite> <!-- TestCases.SampleTest -->
