<?xml version="1.0" encoding="UTF-8"?>
<!-- Generated by org.testng.reporters.JUnitReportReporter -->
<testsuite hostname="PS8178" name="TestCases.LoginActitimeExcellSheet" tests="1" failures="0" timestamp="3 Mar 2014 13:21:40 GMT" time="44.807" errors="0">
  <testcase name="TestLogin" time="44.807" classname="TestCases.LoginActitimeExcellSheet"/>
</testsuite> <!-- TestCases.LoginActitimeExcellSheet -->
