<?xml version="1.0" encoding="UTF-8"?>
<!-- Generated by org.testng.reporters.JUnitReportReporter -->
<testsuite hostname="PS8178" name="TestCases.uploadPic" tests="2" failures="0" timestamp="3 Mar 2014 13:21:40 GMT" time="0.003" errors="0">
  <testcase name="TestuploadPic" time="0.003" classname="TestCases.uploadPic"/>
  <testcase name="TestViewPic" time="0.000" classname="TestCases.uploadPic"/>
</testsuite> <!-- TestCases.uploadPic -->
