<?xml version="1.0" encoding="UTF-8"?>
<!-- Generated by org.testng.reporters.JUnitReportReporter -->
<testsuite hostname="PS8178" name="TestCases.actitime2" tests="2" failures="0" timestamp="27 Mar 2014 08:54:11 GMT" time="120.081" errors="0">
  <testcase name="login" time="46.773" classname="TestCases.actitime2"/>
  <testcase name="login" time="73.308" classname="TestCases.actitime2"/>
</testsuite> <!-- TestCases.actitime2 -->
