<?xml version="1.0" encoding="UTF-8"?>
<!-- Generated by org.testng.reporters.JUnitReportReporter -->
<testsuite hostname="PS8178" name="TestCases.Groups" tests="5" failures="0" timestamp="23 Jan 2014 12:43:55 GMT" time="0.013" errors="0">
  <testcase name="testConnectMsSQL" time="0.001" classname="TestCases.Groups"/>
  <testcase name="runFinal" time="0.000" classname="TestCases.Groups"/>
  <testcase name="runSelenium1" time="0.002" classname="TestCases.Groups"/>
  <testcase name="testConnectOracle" time="0.001" classname="TestCases.Groups"/>
  <testcase name="runSelenium" time="0.009" classname="TestCases.Groups"/>
</testsuite> <!-- TestCases.Groups -->
